number,value,datetime_start,datetime_complete,duration,params_grid_size,params_hidden_layers,params_hidden_units,params_learning_rate,params_spline_order,user_attrs_compute_time_sec,user_attrs_err_k,user_attrs_err_u,system_attrs_tpe:relative_params:0,state
0,0.05445321140927626,2026-09-15 21:51:25.331139,2026-09-15 21:57:51.538405,0 days 00:06:26.207266,7,2,15,0.001,4,386.20580649375916,0.07696614078718372,0.0319402820313688,,COMPLETE
1,1.1712964972945115,2026-09-15 21:57:51.539362,2026-09-15 22:02:06.012225,0 days 00:04:14.472863,3,1,35,0.01,3,254.4712278842926,0.43802611762137295,1.90456687696765,,COMPLETE
2,0.040214003644164484,2026-09-15 22:02:06.013292,2026-09-15 22:09:19.973888,0 days 00:07:13.960596,5,3,25,0.001,3,433.9589374065399,0.05135391575466239,0.029074091533666586,,COMPLETE
3,0.03569167675593572,2026-09-15 22:09:19.975236,2026-09-15 22:16:06.253645,0 days 00:06:46.278409,3,2,15,0.01,4,406.276517868042,0.03483859326518518,0.03654476024668627,,COMPLETE
4,0.07122009038856297,2026-09-15 22:16:06.254411,2026-09-15 22:23:49.836472,0 days 00:07:43.582061,7,3,35,0.001,3,463.5800983905792,0.12301882713012674,0.01942135364699921,,COMPLETE
5,0.06826895380665698,2026-09-15 22:23:49.837686,2026-09-15 22:29:27.911637,0 days 00:05:38.073951,5,2,35,0.0001,3,338.0714464187622,0.1089187409959426,0.027619166617371366,,COMPLETE
6,0.0953494813701227,2026-09-15 22:29:27.913122,2026-09-15 22:31:12.619434,0 days 00:01:44.706312,3,2,15,0.01,2,104.7049081325531,0.13433418127382266,0.05636478146642274,,COMPLETE
7,0.05798915990367632,2026-09-15 22:31:12.620154,2026-09-15 22:38:03.313192,0 days 00:06:50.693038,5,3,25,0.0001,3,410.6909098625183,0.1043385405169495,0.01163977929040313,,COMPLETE
8,0.013388235782758487,2026-09-15 22:38:03.314822,2026-09-15 22:46:48.857188,0 days 00:08:45.542366,5,3,25,0.01,4,525.5404114723206,0.019448688499049484,0.007327783066467488,,COMPLETE
9,0.05097993744165841,2026-09-15 22:46:48.858338,2026-09-15 22:53:13.026646,0 days 00:06:24.168308,3,2,15,0.0001,4,384.1665198802948,0.07120857382780817,0.03075130105550864,,COMPLETE
10,0.24011888013317195,2026-09-15 22:53:13.027290,2026-09-15 22:57:47.211250,0 days 00:04:34.183960,5,1,25,0.01,4,274.18201422691345,0.26491061228270796,0.21532714798363595,"{""grid_size"": 5, ""hidden_layers"": 1, ""hidden_units"": 25, ""learning_rate"": 0.01, ""spline_order"": 4}",COMPLETE
11,0.02079354052505964,2026-09-15 22:57:47.212208,2026-09-15 23:09:40.106004,0 days 00:11:52.893796,3,3,25,0.01,4,712.8899548053741,0.010338350580516627,0.03124873046960265,"{""grid_size"": 3, ""hidden_layers"": 3, ""hidden_units"": 25, ""learning_rate"": 0.01, ""spline_order"": 4}",COMPLETE
12,0.07452374140179849,2026-09-15 23:09:40.107264,2026-09-15 23:22:07.833493,0 days 00:12:27.726229,3,3,25,0.01,4,747.7222936153412,0.08708812271390254,0.06195936008969444,"{""grid_size"": 3, ""hidden_layers"": 3, ""hidden_units"": 25, ""learning_rate"": 0.01, ""spline_order"": 4}",COMPLETE
13,0.21601436283171113,2026-09-15 23:22:07.834635,2026-09-15 23:24:40.411707,0 days 00:02:32.577072,5,3,25,0.01,2,152.57379579544067,0.4013088656539138,0.03071986000950842,"{""grid_size"": 5, ""hidden_layers"": 3, ""hidden_units"": 25, ""learning_rate"": 0.01, ""spline_order"": 2}",COMPLETE
14,0.11075005849540266,2026-09-15 23:24:40.412475,2026-09-15 23:34:57.051041,0 days 00:10:16.638566,5,3,35,0.01,4,616.6358790397644,0.21253450008001268,0.008965616910792656,"{""grid_size"": 5, ""hidden_layers"": 3, ""hidden_units"": 35, ""learning_rate"": 0.01, ""spline_order"": 4}",COMPLETE
15,0.06277821146804123,2026-09-15 23:34:57.052712,2026-09-15 23:44:41.438361,0 days 00:09:44.385649,7,3,25,0.0001,4,584.3826055526733,0.11314729959933832,0.012409123336744134,"{""grid_size"": 7, ""hidden_layers"": 3, ""hidden_units"": 25, ""learning_rate"": 0.0001, ""spline_order"": 4}",COMPLETE
16,0.024543839291037747,2026-09-15 23:44:41.439811,2026-09-15 23:54:05.553005,0 days 00:09:24.113194,5,3,25,0.01,4,564.109094619751,0.043467847658672426,0.005619830923403066,"{""grid_size"": 5, ""hidden_layers"": 3, ""hidden_units"": 25, ""learning_rate"": 0.01, ""spline_order"": 4}",COMPLETE
17,0.03851554019466598,2026-09-15 23:54:05.554264,2026-09-16 00:02:47.659851,0 days 00:08:42.105587,7,3,15,0.01,4,522.1014811992645,0.06769418469437803,0.00933689569495392,"{""grid_size"": 7, ""hidden_layers"": 3, ""hidden_units"": 15, ""learning_rate"": 0.01, ""spline_order"": 4}",COMPLETE
18,0.07904891887628732,2026-09-16 00:02:47.660915,2026-09-16 00:08:29.850715,0 days 00:05:42.189800,7,2,25,0.01,3,342.1866159439087,0.13192177028089003,0.026176067471684616,"{""grid_size"": 7, ""hidden_layers"": 2, ""hidden_units"": 25, ""learning_rate"": 0.01, ""spline_order"": 3}",COMPLETE
19,0.05600043639669773,2026-09-16 00:08:29.851829,2026-09-16 00:10:48.468796,0 days 00:02:18.616967,3,3,35,0.01,2,138.61326122283936,0.08149830392208379,0.030502568871311673,"{""grid_size"": 3, ""hidden_layers"": 3, ""hidden_units"": 35, ""learning_rate"": 0.01, ""spline_order"": 2}",COMPLETE
20,0.07542527857910773,2026-09-16 00:10:48.469483,2026-09-16 00:20:18.193189,0 days 00:09:29.723706,3,3,35,0.0001,4,569.720627784729,0.08478229955987104,0.06606825759834442,"{""grid_size"": 3, ""hidden_layers"": 3, ""hidden_units"": 35, ""learning_rate"": 0.0001, ""spline_order"": 4}",COMPLETE
21,0.02779527127937049,2026-09-16 00:20:18.194584,2026-09-16 00:29:36.115553,0 days 00:09:17.920969,5,3,25,0.01,4,557.9168674945831,0.04352663819414929,0.012063904364591682,"{""grid_size"": 5, ""hidden_layers"": 3, ""hidden_units"": 25, ""learning_rate"": 0.01, ""spline_order"": 4}",COMPLETE
22,0.06363057131956536,2026-09-16 00:29:36.117382,2026-09-16 00:41:40.765705,0 days 00:12:04.648323,3,3,25,0.001,4,724.644880771637,0.10432753884380207,0.022933603795328657,"{""grid_size"": 3, ""hidden_layers"": 3, ""hidden_units"": 25, ""learning_rate"": 0.001, ""spline_order"": 4}",COMPLETE
23,0.038309186439102284,2026-09-16 00:41:40.767041,2026-09-16 00:48:56.413156,0 days 00:07:15.646115,5,2,25,0.001,4,435.64246010780334,0.05964214884312081,0.01697622403508376,"{""grid_size"": 5, ""hidden_layers"": 2, ""hidden_units"": 25, ""learning_rate"": 0.001, ""spline_order"": 4}",COMPLETE
24,0.9133456518584243,2026-09-16 00:48:56.414343,2026-09-16 00:51:16.890371,0 days 00:02:20.476028,3,3,25,0.0001,2,140.47227001190186,0.7978882351369028,1.0288030685799459,"{""grid_size"": 3, ""hidden_layers"": 3, ""hidden_units"": 25, ""learning_rate"": 0.0001, ""spline_order"": 2}",COMPLETE
25,0.03325893520485203,2026-09-16 00:51:16.891007,2026-09-16 00:58:02.443634,0 days 00:06:45.552627,3,3,15,0.01,3,405.5504078865051,0.01861988553195051,0.04789798487775354,"{""grid_size"": 3, ""hidden_layers"": 3, ""hidden_units"": 15, ""learning_rate"": 0.01, ""spline_order"": 3}",COMPLETE
26,0.06277537962093951,2026-09-16 00:58:02.444405,2026-09-16 01:06:34.381747,0 days 00:08:31.937342,5,3,15,0.0001,4,511.9354455471039,0.1077654717514004,0.017785287490478627,"{""grid_size"": 5, ""hidden_layers"": 3, ""hidden_units"": 15, ""learning_rate"": 0.0001, ""spline_order"": 4}",COMPLETE
27,0.032245820815163376,2026-09-16 01:06:34.382752,2026-09-16 01:13:30.101584,0 days 00:06:55.718832,5,2,25,0.01,4,415.71537041664124,0.0178995052769943,0.04659213635333246,"{""grid_size"": 5, ""hidden_layers"": 2, ""hidden_units"": 25, ""learning_rate"": 0.01, ""spline_order"": 4}",COMPLETE
28,0.03822512575630256,2026-09-16 01:13:30.102763,2026-09-16 01:23:08.148989,0 days 00:09:38.046226,7,3,25,0.01,4,578.0423247814178,0.07050405183897775,0.00594619967362737,"{""grid_size"": 7, ""hidden_layers"": 3, ""hidden_units"": 25, ""learning_rate"": 0.01, ""spline_order"": 4}",COMPLETE
29,0.7931472112722739,2026-09-16 01:23:08.150234,2026-09-16 01:27:03.992058,0 days 00:03:55.841824,5,1,15,0.01,3,235.8383047580719,1.0915908417543956,0.49470358079015225,"{""grid_size"": 5, ""hidden_layers"": 1, ""hidden_units"": 15, ""learning_rate"": 0.01, ""spline_order"": 3}",COMPLETE
30,0.36069314556461207,2026-09-16 01:27:03.992656,2026-09-16 01:31:40.315657,0 days 00:04:36.323001,5,1,15,0.001,4,276.32110476493835,0.3217537354200773,0.39963255570914685,"{""grid_size"": 5, ""hidden_layers"": 1, ""hidden_units"": 15, ""learning_rate"": 0.001, ""spline_order"": 4}",COMPLETE
31,0.008292008050936737,2026-09-16 01:31:40.316426,2026-09-16 01:40:57.708072,0 days 00:09:17.391646,5,3,25,0.01,4,557.3889946937561,0.009925046707719208,0.006658969394154269,"{""grid_size"": 5, ""hidden_layers"": 3, ""hidden_units"": 25, ""learning_rate"": 0.01, ""spline_order"": 4}",COMPLETE
32,0.05946586794865131,2026-09-16 01:40:57.710088,2026-09-16 01:50:23.999040,0 days 00:09:26.288952,5,3,25,0.0001,4,566.2850143909454,0.09541662438080925,0.023515111516493364,"{""grid_size"": 5, ""hidden_layers"": 3, ""hidden_units"": 25, ""learning_rate"": 0.0001, ""spline_order"": 4}",COMPLETE
33,0.04687142358404853,2026-09-16 01:50:24.000296,2026-09-16 01:57:33.655279,0 days 00:07:09.654983,5,3,25,0.01,3,429.6510910987854,0.0876412192861683,0.00610162788192875,"{""grid_size"": 5, ""hidden_layers"": 3, ""hidden_units"": 25, ""learning_rate"": 0.01, ""spline_order"": 3}",COMPLETE
34,0.5839238950704606,2026-09-16 01:57:33.656687,2026-09-16 01:58:51.580543,0 days 00:01:17.923856,7,1,15,0.0001,2,77.9204695224762,0.5460492173941278,0.6217985727467935,"{""grid_size"": 7, ""hidden_layers"": 1, ""hidden_units"": 15, ""learning_rate"": 0.0001, ""spline_order"": 2}",COMPLETE
35,0.012004252956521504,2026-09-16 01:58:51.581387,2026-09-16 02:07:32.657879,0 days 00:08:41.076492,5,3,15,0.01,4,521.073748588562,0.014842761056288208,0.009165744856754799,"{""grid_size"": 5, ""hidden_layers"": 3, ""hidden_units"": 15, ""learning_rate"": 0.01, ""spline_order"": 4}",COMPLETE
36,0.01794811665669937,2026-09-16 02:07:32.659163,2026-09-16 02:16:06.571136,0 days 00:08:33.911973,5,3,15,0.01,4,513.9077739715576,0.027379378082248808,0.008516855231149931,"{""grid_size"": 5, ""hidden_layers"": 3, ""hidden_units"": 15, ""learning_rate"": 0.01, ""spline_order"": 4}",COMPLETE
37,0.03638016087380611,2026-09-16 02:16:06.572088,2026-09-16 02:24:42.245989,0 days 00:08:35.673901,5,3,15,0.01,4,515.6698021888733,0.05919513205373175,0.01356518969388047,"{""grid_size"": 5, ""hidden_layers"": 3, ""hidden_units"": 15, ""learning_rate"": 0.01, ""spline_order"": 4}",COMPLETE
38,0.11762386318543086,2026-09-16 02:24:42.247191,2026-09-16 02:26:59.758776,0 days 00:02:17.511585,5,3,15,0.01,2,137.50848054885864,0.20913877377380022,0.026108952597061513,"{""grid_size"": 5, ""hidden_layers"": 3, ""hidden_units"": 15, ""learning_rate"": 0.01, ""spline_order"": 2}",COMPLETE
39,0.04343052329776559,2026-09-16 02:26:59.759747,2026-09-16 02:35:37.900551,0 days 00:08:38.140804,5,3,15,0.001,4,518.1382164955139,0.07306882773774806,0.013792218857783124,"{""grid_size"": 5, ""hidden_layers"": 3, ""hidden_units"": 15, ""learning_rate"": 0.001, ""spline_order"": 4}",COMPLETE
40,0.12340256227964651,2026-09-16 02:35:37.901662,2026-09-16 02:37:55.243297,0 days 00:02:17.341635,7,3,15,0.001,2,137.33883714675903,0.20692122532024496,0.03988389923904806,"{""grid_size"": 7, ""hidden_layers"": 3, ""hidden_units"": 15, ""learning_rate"": 0.001, ""spline_order"": 2}",COMPLETE
41,0.030283976963019682,2026-09-16 02:37:55.244011,2026-09-16 02:44:23.968467,0 days 00:06:28.724456,5,2,15,0.01,4,388.7219281196594,0.023808242717193066,0.036759711208846295,"{""grid_size"": 5, ""hidden_layers"": 2, ""hidden_units"": 15, ""learning_rate"": 0.01, ""spline_order"": 4}",COMPLETE
42,0.06381911659488547,2026-09-16 02:44:23.969091,2026-09-16 02:51:33.664755,0 days 00:07:09.695664,3,2,35,0.001,4,429.6927137374878,0.08413681048979159,0.04350142269997935,"{""grid_size"": 3, ""hidden_layers"": 2, ""hidden_units"": 35, ""learning_rate"": 0.001, ""spline_order"": 4}",COMPLETE
43,0.16155173217589777,2026-09-16 02:51:33.666096,2026-09-16 02:53:25.113994,0 days 00:01:51.447898,5,2,35,0.01,2,111.44445586204529,0.2945682301182582,0.028535234233537335,"{""grid_size"": 5, ""hidden_layers"": 2, ""hidden_units"": 35, ""learning_rate"": 0.01, ""spline_order"": 2}",COMPLETE
44,0.016670669419756874,2026-09-16 02:53:25.114788,2026-09-16 03:02:07.884683,0 days 00:08:42.769895,5,3,15,0.01,4,522.766996383667,0.024600820909613345,0.008740517929900403,"{""grid_size"": 5, ""hidden_layers"": 3, ""hidden_units"": 15, ""learning_rate"": 0.01, ""spline_order"": 4}",COMPLETE
45,0.4358032855926684,2026-09-16 03:02:07.885646,2026-09-16 03:07:13.932657,0 days 00:05:06.047011,5,1,35,0.0001,4,306.04368472099304,0.7302673922121435,0.14133917897319326,"{""grid_size"": 5, ""hidden_layers"": 1, ""hidden_units"": 35, ""learning_rate"": 0.0001, ""spline_order"": 4}",COMPLETE
46,0.026852096291462943,2026-09-16 03:07:13.934124,2026-09-16 03:15:52.397372,0 days 00:08:38.463248,5,3,15,0.01,4,518.4596807956696,0.04574866493465606,0.007955527648269825,"{""grid_size"": 5, ""hidden_layers"": 3, ""hidden_units"": 15, ""learning_rate"": 0.01, ""spline_order"": 4}",COMPLETE
47,0.05283383046377638,2026-09-16 03:15:52.398514,2026-09-16 03:24:13.581473,0 days 00:08:21.182959,3,3,15,0.01,4,501.18026328086853,0.010526231739607152,0.0951414291879456,"{""grid_size"": 3, ""hidden_layers"": 3, ""hidden_units"": 15, ""learning_rate"": 0.01, ""spline_order"": 4}",COMPLETE
48,0.03916716850239745,2026-09-16 03:24:13.582282,2026-09-16 03:34:16.683141,0 days 00:10:03.100859,5,3,35,0.001,4,603.0981318950653,0.06726577187084155,0.011068565133953346,"{""grid_size"": 5, ""hidden_layers"": 3, ""hidden_units"": 35, ""learning_rate"": 0.001, ""spline_order"": 4}",COMPLETE
49,0.7833764404950343,2026-09-16 03:34:16.684379,2026-09-16 03:38:56.404875,0 days 00:04:39.720496,5,1,15,0.01,4,279.7167329788208,0.7498404674451616,0.816912413544907,"{""grid_size"": 5, ""hidden_layers"": 1, ""hidden_units"": 15, ""learning_rate"": 0.01, ""spline_order"": 4}",COMPLETE
